<?xml version="1.0" encoding="UTF-8"?>
<!-- Generated by org.testng.reporters.JUnitXMLReporter -->
<testsuite ignored="0" hostname="DESKTOP-IFQHEIO" failures="0" tests="3" name="EndToEnd" time="84.162" errors="0" timestamp="2023-06-14T13:28:13 IST">
  <testcase classname="_10Store.testComponents.EndRun" name="startTest" time="5.903"/>
  <testcase classname="_10Store.testComponents.EndRun" name="buyProduct" time="28.958"/>
  <testcase classname="_10Store.testComponents.EndRun" name="userDetails" time="11.708"/>
</testsuite> <!-- EndToEnd -->
